<?xml version="1.0" encoding="UTF-8"?>
<!-- Generated by org.testng.reporters.JUnitReportReporter -->
<testsuite skipped="0" hostname="LAPTOP-705P0ES9" name="advanced.ParamTestWithDataProvider1" tests="5" failures="0" timestamp="19 янв 2018 09:04:15 GMT" time="0.014" errors="0">
  <testcase name="testPrimeNumberChecker" time="0.011" classname="advanced.ParamTestWithDataProvider1"/>
  <testcase name="testPrimeNumberChecker" time="0.000" classname="advanced.ParamTestWithDataProvider1"/>
  <testcase name="testPrimeNumberChecker" time="0.001" classname="advanced.ParamTestWithDataProvider1"/>
  <testcase name="testPrimeNumberChecker" time="0.001" classname="advanced.ParamTestWithDataProvider1"/>
  <testcase name="testPrimeNumberChecker" time="0.001" classname="advanced.ParamTestWithDataProvider1"/>
</testsuite> <!-- advanced.ParamTestWithDataProvider1 -->
