<?xml version="1.0" encoding="UTF-8"?>
<!-- Generated by org.testng.reporters.JUnitReportReporter -->
<testsuite skipped="0" hostname="LAPTOP-705P0ES9" name="group.GroupTestExample" tests="3" failures="0" timestamp="19 янв 2018 09:05:28 GMT" time="0.011" errors="0">
  <testcase name="testExitMessage" time="0.000" classname="group.GroupTestExample"/>
  <testcase name="testSalutationMessage" time="0.000" classname="group.GroupTestExample"/>
  <testcase name="testPrintMessage" time="0.011" classname="group.GroupTestExample"/>
</testsuite> <!-- group.GroupTestExample -->
