<?xml version="1.0" encoding="UTF-8"?>
<!-- Generated by org.testng.reporters.JUnitReportReporter -->
<testsuite skipped="0" hostname="LAPTOP-705P0ES9" name="testing.TestNGTest" tests="1" failures="0" timestamp="21 янв 2018 16:46:47 GMT" time="7.061" errors="0">
  <testcase name="test1" time="7.061" classname="testing.TestNGTest"/>
</testsuite> <!-- testing.TestNGTest -->
